Library/Bee/Android/Prj/Mono2x/Gradle/launcher/build/intermediates/manifest_merge_blame_file/release/manifest-merger-blame-release-report.txt
1<?xml version="1.0" encoding="utf-8"?>
2<manifest xmlns:android="http://schemas.android.com/apk/res/android"
3    package="com.DefaultCompany.Fingerpaint"
4    android:installLocation="auto"
5    android:versionCode="1"
6    android:versionName="0.1" >
7
8    <uses-sdk
9        android:minSdkVersion="23"
9-->src\main\AndroidManifest.xml
10        android:targetSdkVersion="30" />
10-->src\main\AndroidManifest.xml
11
12    <supports-screens
12-->src\main\AndroidManifest.xml:3:3-163
13        android:anyDensity="true"
13-->src\main\AndroidManifest.xml:3:135-160
14        android:largeScreens="true"
14-->src\main\AndroidManifest.xml:3:78-105
15        android:normalScreens="true"
15-->src\main\AndroidManifest.xml:3:49-77
16        android:smallScreens="true"
16-->src\main\AndroidManifest.xml:3:21-48
17        android:xlargeScreens="true" />
17-->src\main\AndroidManifest.xml:3:106-134
18
19    <uses-feature android:glEsVersion="0x00030000" />
19-->[:unityLibrary] AndroidManifest.xml:13:5-54
19-->[:unityLibrary] AndroidManifest.xml:13:19-51
20    <uses-feature
20-->[:unityLibrary] AndroidManifest.xml:14:5-16:36
21        android:name="android.hardware.vulkan.version"
21-->[:unityLibrary] AndroidManifest.xml:15:9-55
22        android:required="false" />
22-->[:unityLibrary] AndroidManifest.xml:16:9-33
23
24    <supports-gl-texture android:name="GL_KHR_texture_compression_astc_ldr" />
24-->[:unityLibrary] AndroidManifest.xml:18:5-79
24-->[:unityLibrary] AndroidManifest.xml:18:26-76
25
26    <uses-permission android:name="android.permission.INTERNET" />
26-->[:unityLibrary] AndroidManifest.xml:20:5-67
26-->[:unityLibrary] AndroidManifest.xml:20:22-64
27    <uses-permission android:name="android.permission.RECORD_AUDIO" />
27-->[:unityLibrary] AndroidManifest.xml:21:5-71
27-->[:unityLibrary] AndroidManifest.xml:21:22-68
28    <uses-permission android:name="android.permission.MODIFY_AUDIO_SETTINGS" />
28-->[:unityLibrary] AndroidManifest.xml:22:5-80
28-->[:unityLibrary] AndroidManifest.xml:22:22-77
29
30    <uses-feature
30-->[:unityLibrary] AndroidManifest.xml:24:5-26:36
31        android:name="android.hardware.microphone"
31-->[:unityLibrary] AndroidManifest.xml:25:9-51
32        android:required="false" />
32-->[:unityLibrary] AndroidManifest.xml:26:9-33
33    <uses-feature
33-->[:unityLibrary] AndroidManifest.xml:27:5-29:36
34        android:name="android.hardware.touchscreen"
34-->[:unityLibrary] AndroidManifest.xml:28:9-52
35        android:required="false" />
35-->[:unityLibrary] AndroidManifest.xml:29:9-33
36    <uses-feature
36-->[:unityLibrary] AndroidManifest.xml:30:5-32:36
37        android:name="android.hardware.touchscreen.multitouch"
37-->[:unityLibrary] AndroidManifest.xml:31:9-63
38        android:required="false" />
38-->[:unityLibrary] AndroidManifest.xml:32:9-33
39    <uses-feature
39-->[:unityLibrary] AndroidManifest.xml:33:5-35:36
40        android:name="android.hardware.touchscreen.multitouch.distinct"
40-->[:unityLibrary] AndroidManifest.xml:34:9-72
41        android:required="false" />
41-->[:unityLibrary] AndroidManifest.xml:35:9-33
42    <uses-feature
42-->[:unityLibrary] AndroidManifest.xml:36:5-39:31
43        android:name="android.hardware.vr.headtracking"
43-->[:unityLibrary] AndroidManifest.xml:37:9-56
44        android:required="true"
44-->[:unityLibrary] AndroidManifest.xml:38:9-32
45        android:version="1" />
45-->[:unityLibrary] AndroidManifest.xml:39:9-28
46    <uses-feature
46-->[:unityLibrary] AndroidManifest.xml:40:5-42:35
47        android:name="oculus.software.handtracking"
47-->[:unityLibrary] AndroidManifest.xml:41:9-52
48        android:required="true" />
48-->[:unityLibrary] AndroidManifest.xml:42:9-32
49
50    <uses-permission android:name="com.oculus.permission.HAND_TRACKING" />
50-->[:unityLibrary] AndroidManifest.xml:44:5-75
50-->[:unityLibrary] AndroidManifest.xml:44:22-72
51
52    <application
52-->src\main\AndroidManifest.xml:4:3-83
53        android:allowBackup="false"
53-->[:unityLibrary] AndroidManifest.xml:47:9-36
54        android:extractNativeLibs="true"
54-->[:unityLibrary] AndroidManifest.xml:48:9-41
55        android:icon="@mipmap/app_icon"
55-->src\main\AndroidManifest.xml:4:49-80
56        android:label="@string/app_name"
56-->src\main\AndroidManifest.xml:4:16-48
57        android:networkSecurityConfig="@xml/network_sec_config" >
57-->[:unityLibrary] AndroidManifest.xml:51:9-64
58        <activity
58-->[:unityLibrary] AndroidManifest.xml:52:9-76:20
59            android:name="com.unity3d.player.UnityPlayerActivity"
59-->[:unityLibrary] AndroidManifest.xml:53:13-66
60            android:configChanges="keyboard|keyboardHidden|navigation|orientation|screenLayout|screenSize|uiMode"
60-->[:unityLibrary] AndroidManifest.xml:54:13-114
61            android:hardwareAccelerated="false"
61-->[:unityLibrary] AndroidManifest.xml:55:13-48
62            android:launchMode="singleTask"
62-->[:unityLibrary] AndroidManifest.xml:56:13-44
63            android:resizeableActivity="false"
63-->[:unityLibrary] AndroidManifest.xml:57:13-47
64            android:screenOrientation="landscape"
64-->[:unityLibrary] AndroidManifest.xml:58:13-50
65            android:theme="@android:style/Theme.Black.NoTitleBar.Fullscreen" >
65-->[:unityLibrary] AndroidManifest.xml:59:13-77
66            <intent-filter>
66-->[:unityLibrary] AndroidManifest.xml:60:13-65:29
67                <action android:name="android.intent.action.MAIN" />
67-->[:unityLibrary] AndroidManifest.xml:61:17-69
67-->[:unityLibrary] AndroidManifest.xml:61:25-66
68
69                <category android:name="android.intent.category.LAUNCHER" />
69-->[:unityLibrary] AndroidManifest.xml:63:17-77
69-->[:unityLibrary] AndroidManifest.xml:63:27-74
70                <category android:name="com.oculus.intent.category.VR" />
70-->[:unityLibrary] AndroidManifest.xml:64:17-74
70-->[:unityLibrary] AndroidManifest.xml:64:27-71
71            </intent-filter>
72
73            <meta-data
73-->[:unityLibrary] AndroidManifest.xml:67:13-69:40
74                android:name="unityplayer.UnityActivity"
74-->[:unityLibrary] AndroidManifest.xml:68:17-57
75                android:value="true" />
75-->[:unityLibrary] AndroidManifest.xml:69:17-37
76            <meta-data
76-->[:unityLibrary] AndroidManifest.xml:70:13-72:40
77                android:name="android.notch_support"
77-->[:unityLibrary] AndroidManifest.xml:71:17-53
78                android:value="true" />
78-->[:unityLibrary] AndroidManifest.xml:72:17-37
79            <meta-data
79-->[:unityLibrary] AndroidManifest.xml:73:13-75:40
80                android:name="com.oculus.vr.focusaware"
80-->[:unityLibrary] AndroidManifest.xml:74:17-56
81                android:value="true" />
81-->[:unityLibrary] AndroidManifest.xml:75:17-37
82        </activity>
83
84        <meta-data
84-->[:unityLibrary] AndroidManifest.xml:78:9-80:33
85            android:name="unity.splash-mode"
85-->[:unityLibrary] AndroidManifest.xml:79:13-45
86            android:value="0" />
86-->[:unityLibrary] AndroidManifest.xml:80:13-30
87        <meta-data
87-->[:unityLibrary] AndroidManifest.xml:81:9-83:36
88            android:name="unity.splash-enable"
88-->[:unityLibrary] AndroidManifest.xml:82:13-47
89            android:value="True" />
89-->[:unityLibrary] AndroidManifest.xml:83:13-33
90        <meta-data
90-->[:unityLibrary] AndroidManifest.xml:84:9-86:36
91            android:name="unity.launch-fullscreen"
91-->[:unityLibrary] AndroidManifest.xml:85:13-51
92            android:value="True" />
92-->[:unityLibrary] AndroidManifest.xml:86:13-33
93        <meta-data
93-->[:unityLibrary] AndroidManifest.xml:87:9-89:37
94            android:name="unity.allow-resizable-window"
94-->[:unityLibrary] AndroidManifest.xml:88:13-56
95            android:value="False" />
95-->[:unityLibrary] AndroidManifest.xml:89:13-34
96        <meta-data
96-->[:unityLibrary] AndroidManifest.xml:90:9-92:50
97            android:name="notch.config"
97-->[:unityLibrary] AndroidManifest.xml:91:13-40
98            android:value="portrait|landscape" />
98-->[:unityLibrary] AndroidManifest.xml:92:13-47
99        <meta-data
99-->[:unityLibrary] AndroidManifest.xml:93:9-95:35
100            android:name="com.oculus.handtracking.frequency"
100-->[:unityLibrary] AndroidManifest.xml:94:13-61
101            android:value="MAX" />
101-->[:unityLibrary] AndroidManifest.xml:95:13-32
102        <meta-data
102-->[:unityLibrary] AndroidManifest.xml:96:9-98:39
103            android:name="com.samsung.android.vr.application.mode"
103-->[:unityLibrary] AndroidManifest.xml:97:13-67
104            android:value="vr_only" />
104-->[:unityLibrary] AndroidManifest.xml:98:13-36
105        <meta-data
105-->[:unityLibrary] AndroidManifest.xml:99:9-101:37
106            android:name="com.unity.xr.oculus.LowOverheadMode"
106-->[:unityLibrary] AndroidManifest.xml:100:13-63
107            android:value="false" />
107-->[:unityLibrary] AndroidManifest.xml:101:13-34
108        <meta-data
108-->[:unityLibrary] AndroidManifest.xml:102:9-104:37
109            android:name="com.unity.xr.oculus.LateLatching"
109-->[:unityLibrary] AndroidManifest.xml:103:13-60
110            android:value="false" />
110-->[:unityLibrary] AndroidManifest.xml:104:13-34
111        <meta-data
111-->[:unityLibrary] AndroidManifest.xml:105:9-107:37
112            android:name="com.unity.xr.oculus.LateLatchingDebug"
112-->[:unityLibrary] AndroidManifest.xml:106:13-65
113            android:value="false" />
113-->[:unityLibrary] AndroidManifest.xml:107:13-34
114        <meta-data
114-->[:unityLibrary] AndroidManifest.xml:108:9-110:38
115            android:name="com.oculus.supportedDevices"
115-->[:unityLibrary] AndroidManifest.xml:109:13-55
116            android:value="quest2" />
116-->[:unityLibrary] AndroidManifest.xml:110:13-35
117    </application>
118
119</manifest>